2015-01-19 09:09:01.892 [main] ERROR o.a.ibatis.executor.BaseExecutor - Could not get a databaseId from dataSource [VendorDatabaseIdProvider.java:51] 
org.apache.commons.dbcp.SQLNestedException: Cannot create PoolableConnectionFactory (Communications link failure

The last packet sent successfully to the server was 0 milliseconds ago. The driver has not received any packets from the server.)
	at org.apache.commons.dbcp.BasicDataSource.createPoolableConnectionFactory(BasicDataSource.java:1549) ~[commons-dbcp-1.4.jar:1.4]
	at org.apache.commons.dbcp.BasicDataSource.createDataSource(BasicDataSource.java:1388) ~[commons-dbcp-1.4.jar:1.4]
	at org.apache.commons.dbcp.BasicDataSource.getConnection(BasicDataSource.java:1044) ~[commons-dbcp-1.4.jar:1.4]
	at org.apache.ibatis.mapping.VendorDatabaseIdProvider.getDatabaseProductName(VendorDatabaseIdProvider.java:76) ~[mybatis-3.2.2.jar:3.2.2]
	at org.apache.ibatis.mapping.VendorDatabaseIdProvider.getDatabaseName(VendorDatabaseIdProvider.java:61) ~[mybatis-3.2.2.jar:3.2.2]
	at org.apache.ibatis.mapping.VendorDatabaseIdProvider.getDatabaseId(VendorDatabaseIdProvider.java:49) ~[mybatis-3.2.2.jar:3.2.2]
	at org.mybatis.spring.SqlSessionFactoryBean.buildSqlSessionFactory(SqlSessionFactoryBean.java:445) [mybatis-spring-1.2.0.jar:1.2.0]
	at org.mybatis.spring.SqlSessionFactoryBean.afterPropertiesSet(SqlSessionFactoryBean.java:336) [mybatis-spring-1.2.0.jar:1.2.0]
	at org.springframework.beans.factory.support.AbstractAutowireCapableBeanFactory.invokeInitMethods(AbstractAutowireCapableBeanFactory.java:1541) [spring-beans-3.2.3.RELEASE.jar:3.2.3.RELEASE]
	at org.springframework.beans.factory.support.AbstractAutowireCapableBeanFactory.initializeBean(AbstractAutowireCapableBeanFactory.java:1479) [spring-beans-3.2.3.RELEASE.jar:3.2.3.RELEASE]
	at org.springframework.beans.factory.support.AbstractAutowireCapableBeanFactory.doCreateBean(AbstractAutowireCapableBeanFactory.java:521) [spring-beans-3.2.3.RELEASE.jar:3.2.3.RELEASE]
	at org.springframework.beans.factory.support.AbstractAutowireCapableBeanFactory.createBean(AbstractAutowireCapableBeanFactory.java:458) [spring-beans-3.2.3.RELEASE.jar:3.2.3.RELEASE]
	at org.springframework.beans.factory.support.AbstractBeanFactory$1.getObject(AbstractBeanFactory.java:295) [spring-beans-3.2.3.RELEASE.jar:3.2.3.RELEASE]
	at org.springframework.beans.factory.support.DefaultSingletonBeanRegistry.getSingleton(DefaultSingletonBeanRegistry.java:223) [spring-beans-3.2.3.RELEASE.jar:3.2.3.RELEASE]
	at org.springframework.beans.factory.support.AbstractBeanFactory.doGetBean(AbstractBeanFactory.java:292) [spring-beans-3.2.3.RELEASE.jar:3.2.3.RELEASE]
	at org.springframework.beans.factory.support.AbstractBeanFactory.getBean(AbstractBeanFactory.java:194) [spring-beans-3.2.3.RELEASE.jar:3.2.3.RELEASE]
	at org.springframework.beans.factory.support.DefaultListableBeanFactory.preInstantiateSingletons(DefaultListableBeanFactory.java:608) [spring-beans-3.2.3.RELEASE.jar:3.2.3.RELEASE]
	at org.springframework.context.support.AbstractApplicationContext.finishBeanFactoryInitialization(AbstractApplicationContext.java:932) [spring-context-3.2.3.RELEASE.jar:3.2.3.RELEASE]
	at org.springframework.context.support.AbstractApplicationContext.refresh(AbstractApplicationContext.java:479) [spring-context-3.2.3.RELEASE.jar:3.2.3.RELEASE]
	at org.springframework.test.context.support.AbstractGenericContextLoader.loadContext(AbstractGenericContextLoader.java:120) [spring-test-3.2.10.RELEASE.jar:3.2.10.RELEASE]
	at org.springframework.test.context.support.AbstractGenericContextLoader.loadContext(AbstractGenericContextLoader.java:60) [spring-test-3.2.10.RELEASE.jar:3.2.10.RELEASE]
	at org.springframework.test.context.support.AbstractDelegatingSmartContextLoader.delegateLoading(AbstractDelegatingSmartContextLoader.java:100) [spring-test-3.2.10.RELEASE.jar:3.2.10.RELEASE]
	at org.springframework.test.context.support.AbstractDelegatingSmartContextLoader.loadContext(AbstractDelegatingSmartContextLoader.java:248) [spring-test-3.2.10.RELEASE.jar:3.2.10.RELEASE]
	at org.springframework.test.context.CacheAwareContextLoaderDelegate.loadContextInternal(CacheAwareContextLoaderDelegate.java:64) [spring-test-3.2.10.RELEASE.jar:3.2.10.RELEASE]
	at org.springframework.test.context.CacheAwareContextLoaderDelegate.loadContext(CacheAwareContextLoaderDelegate.java:91) [spring-test-3.2.10.RELEASE.jar:3.2.10.RELEASE]
	at org.springframework.test.context.TestContext.getApplicationContext(TestContext.java:122) [spring-test-3.2.10.RELEASE.jar:3.2.10.RELEASE]
	at org.springframework.test.context.support.DependencyInjectionTestExecutionListener.injectDependencies(DependencyInjectionTestExecutionListener.java:109) [spring-test-3.2.10.RELEASE.jar:3.2.10.RELEASE]
	at org.springframework.test.context.support.DependencyInjectionTestExecutionListener.prepareTestInstance(DependencyInjectionTestExecutionListener.java:75) [spring-test-3.2.10.RELEASE.jar:3.2.10.RELEASE]
	at org.springframework.test.context.TestContextManager.prepareTestInstance(TestContextManager.java:321) [spring-test-3.2.10.RELEASE.jar:3.2.10.RELEASE]
	at org.springframework.test.context.junit4.SpringJUnit4ClassRunner.createTest(SpringJUnit4ClassRunner.java:211) [spring-test-3.2.10.RELEASE.jar:3.2.10.RELEASE]
	at org.springframework.test.context.junit4.SpringJUnit4ClassRunner$1.runReflectiveCall(SpringJUnit4ClassRunner.java:288) [spring-test-3.2.10.RELEASE.jar:3.2.10.RELEASE]
	at org.junit.internal.runners.model.ReflectiveCallable.run(ReflectiveCallable.java:12) [junit-4.12.jar:4.12]
	at org.springframework.test.context.junit4.SpringJUnit4ClassRunner.methodBlock(SpringJUnit4ClassRunner.java:284) [spring-test-3.2.10.RELEASE.jar:3.2.10.RELEASE]
	at org.springframework.test.context.junit4.SpringJUnit4ClassRunner.runChild(SpringJUnit4ClassRunner.java:231) [spring-test-3.2.10.RELEASE.jar:3.2.10.RELEASE]
	at org.springframework.test.context.junit4.SpringJUnit4ClassRunner.runChild(SpringJUnit4ClassRunner.java:88) [spring-test-3.2.10.RELEASE.jar:3.2.10.RELEASE]
	at org.junit.runners.ParentRunner$3.run(ParentRunner.java:290) [junit-4.12.jar:4.12]
	at org.junit.runners.ParentRunner$1.schedule(ParentRunner.java:71) [junit-4.12.jar:4.12]
	at org.junit.runners.ParentRunner.runChildren(ParentRunner.java:288) [junit-4.12.jar:4.12]
	at org.junit.runners.ParentRunner.access$000(ParentRunner.java:58) [junit-4.12.jar:4.12]
	at org.junit.runners.ParentRunner$2.evaluate(ParentRunner.java:268) [junit-4.12.jar:4.12]
	at org.springframework.test.context.junit4.statements.RunBeforeTestClassCallbacks.evaluate(RunBeforeTestClassCallbacks.java:61) [spring-test-3.2.10.RELEASE.jar:3.2.10.RELEASE]
	at org.springframework.test.context.junit4.statements.RunAfterTestClassCallbacks.evaluate(RunAfterTestClassCallbacks.java:71) [spring-test-3.2.10.RELEASE.jar:3.2.10.RELEASE]
	at org.junit.runners.ParentRunner.run(ParentRunner.java:363) [junit-4.12.jar:4.12]
	at org.springframework.test.context.junit4.SpringJUnit4ClassRunner.run(SpringJUnit4ClassRunner.java:174) [spring-test-3.2.10.RELEASE.jar:3.2.10.RELEASE]
	at org.apache.maven.surefire.junit4.JUnit4Provider.execute(JUnit4Provider.java:252) [surefire-junit4-2.12.4.jar:2.12.4]
	at org.apache.maven.surefire.junit4.JUnit4Provider.executeTestSet(JUnit4Provider.java:141) [surefire-junit4-2.12.4.jar:2.12.4]
	at org.apache.maven.surefire.junit4.JUnit4Provider.invoke(JUnit4Provider.java:112) [surefire-junit4-2.12.4.jar:2.12.4]
	at sun.reflect.NativeMethodAccessorImpl.invoke0(Native Method) ~[na:1.7.0_71]
	at sun.reflect.NativeMethodAccessorImpl.invoke(Unknown Source) ~[na:1.7.0_71]
	at sun.reflect.DelegatingMethodAccessorImpl.invoke(Unknown Source) ~[na:1.7.0_71]
	at java.lang.reflect.Method.invoke(Unknown Source) ~[na:1.7.0_71]
	at org.apache.maven.surefire.util.ReflectionUtils.invokeMethodWithArray(ReflectionUtils.java:189) [surefire-api-2.12.4.jar:2.12.4]
	at org.apache.maven.surefire.booter.ProviderFactory$ProviderProxy.invoke(ProviderFactory.java:165) [surefire-booter-2.12.4.jar:2.12.4]
	at org.apache.maven.surefire.booter.ProviderFactory.invokeProvider(ProviderFactory.java:85) [surefire-booter-2.12.4.jar:2.12.4]
	at org.apache.maven.surefire.booter.ForkedBooter.runSuitesInProcess(ForkedBooter.java:115) [surefire-booter-2.12.4.jar:2.12.4]
	at org.apache.maven.surefire.booter.ForkedBooter.main(ForkedBooter.java:75) [surefire-booter-2.12.4.jar:2.12.4]
Caused by: com.mysql.jdbc.exceptions.jdbc4.CommunicationsException: Communications link failure

The last packet sent successfully to the server was 0 milliseconds ago. The driver has not received any packets from the server.
	at sun.reflect.NativeConstructorAccessorImpl.newInstance0(Native Method) ~[na:1.7.0_71]
	at sun.reflect.NativeConstructorAccessorImpl.newInstance(Unknown Source) ~[na:1.7.0_71]
	at sun.reflect.DelegatingConstructorAccessorImpl.newInstance(Unknown Source) ~[na:1.7.0_71]
	at java.lang.reflect.Constructor.newInstance(Unknown Source) ~[na:1.7.0_71]
	at com.mysql.jdbc.Util.handleNewInstance(Util.java:411) ~[mysql-connector-java-5.1.25.jar:na]
	at com.mysql.jdbc.SQLError.createCommunicationsException(SQLError.java:1121) ~[mysql-connector-java-5.1.25.jar:na]
	at com.mysql.jdbc.MysqlIO.<init>(MysqlIO.java:357) ~[mysql-connector-java-5.1.25.jar:na]
	at com.mysql.jdbc.ConnectionImpl.coreConnect(ConnectionImpl.java:2479) ~[mysql-connector-java-5.1.25.jar:na]
	at com.mysql.jdbc.ConnectionImpl.connectOneTryOnly(ConnectionImpl.java:2516) ~[mysql-connector-java-5.1.25.jar:na]
	at com.mysql.jdbc.ConnectionImpl.createNewIO(ConnectionImpl.java:2301) ~[mysql-connector-java-5.1.25.jar:na]
	at com.mysql.jdbc.ConnectionImpl.<init>(ConnectionImpl.java:834) ~[mysql-connector-java-5.1.25.jar:na]
	at com.mysql.jdbc.JDBC4Connection.<init>(JDBC4Connection.java:47) ~[mysql-connector-java-5.1.25.jar:na]
	at sun.reflect.NativeConstructorAccessorImpl.newInstance0(Native Method) ~[na:1.7.0_71]
	at sun.reflect.NativeConstructorAccessorImpl.newInstance(Unknown Source) ~[na:1.7.0_71]
	at sun.reflect.DelegatingConstructorAccessorImpl.newInstance(Unknown Source) ~[na:1.7.0_71]
	at java.lang.reflect.Constructor.newInstance(Unknown Source) ~[na:1.7.0_71]
	at com.mysql.jdbc.Util.handleNewInstance(Util.java:411) ~[mysql-connector-java-5.1.25.jar:na]
	at com.mysql.jdbc.ConnectionImpl.getInstance(ConnectionImpl.java:416) ~[mysql-connector-java-5.1.25.jar:na]
	at com.mysql.jdbc.NonRegisteringDriver.connect(NonRegisteringDriver.java:346) ~[mysql-connector-java-5.1.25.jar:na]
	at org.apache.commons.dbcp.DriverConnectionFactory.createConnection(DriverConnectionFactory.java:38) ~[commons-dbcp-1.4.jar:1.4]
	at org.apache.commons.dbcp.PoolableConnectionFactory.makeObject(PoolableConnectionFactory.java:582) ~[commons-dbcp-1.4.jar:1.4]
	at org.apache.commons.dbcp.BasicDataSource.validateConnectionFactory(BasicDataSource.java:1556) ~[commons-dbcp-1.4.jar:1.4]
	at org.apache.commons.dbcp.BasicDataSource.createPoolableConnectionFactory(BasicDataSource.java:1545) ~[commons-dbcp-1.4.jar:1.4]
	... 55 common frames omitted
Caused by: java.net.ConnectException: Connection refused: connect
	at java.net.DualStackPlainSocketImpl.connect0(Native Method) ~[na:1.7.0_71]
	at java.net.DualStackPlainSocketImpl.socketConnect(Unknown Source) ~[na:1.7.0_71]
	at java.net.AbstractPlainSocketImpl.doConnect(Unknown Source) ~[na:1.7.0_71]
	at java.net.AbstractPlainSocketImpl.connectToAddress(Unknown Source) ~[na:1.7.0_71]
	at java.net.AbstractPlainSocketImpl.connect(Unknown Source) ~[na:1.7.0_71]
	at java.net.PlainSocketImpl.connect(Unknown Source) ~[na:1.7.0_71]
	at java.net.SocksSocketImpl.connect(Unknown Source) ~[na:1.7.0_71]
	at java.net.Socket.connect(Unknown Source) ~[na:1.7.0_71]
	at java.net.Socket.connect(Unknown Source) ~[na:1.7.0_71]
	at java.net.Socket.<init>(Unknown Source) ~[na:1.7.0_71]
	at java.net.Socket.<init>(Unknown Source) ~[na:1.7.0_71]
	at com.mysql.jdbc.StandardSocketFactory.connect(StandardSocketFactory.java:259) ~[mysql-connector-java-5.1.25.jar:na]
	at com.mysql.jdbc.MysqlIO.<init>(MysqlIO.java:307) ~[mysql-connector-java-5.1.25.jar:na]
	... 71 common frames omitted
2015-01-19 09:09:02.417 [main] INFO  c.yiqiandai.p2p.base.dao.BaseDAOImpl - SQL Mapper ==> T1030.findByCookieId [BaseDAOImpl.java:52] 
2015-01-19 12:02:09.593 [main] ERROR o.a.ibatis.executor.BaseExecutor - Could not get a databaseId from dataSource [VendorDatabaseIdProvider.java:51] 
org.apache.commons.dbcp.SQLNestedException: Cannot create PoolableConnectionFactory (Communications link failure

The last packet sent successfully to the server was 0 milliseconds ago. The driver has not received any packets from the server.)
	at org.apache.commons.dbcp.BasicDataSource.createPoolableConnectionFactory(BasicDataSource.java:1549) ~[commons-dbcp-1.4.jar:1.4]
	at org.apache.commons.dbcp.BasicDataSource.createDataSource(BasicDataSource.java:1388) ~[commons-dbcp-1.4.jar:1.4]
	at org.apache.commons.dbcp.BasicDataSource.getConnection(BasicDataSource.java:1044) ~[commons-dbcp-1.4.jar:1.4]
	at org.apache.ibatis.mapping.VendorDatabaseIdProvider.getDatabaseProductName(VendorDatabaseIdProvider.java:76) ~[mybatis-3.2.2.jar:3.2.2]
	at org.apache.ibatis.mapping.VendorDatabaseIdProvider.getDatabaseName(VendorDatabaseIdProvider.java:61) ~[mybatis-3.2.2.jar:3.2.2]
	at org.apache.ibatis.mapping.VendorDatabaseIdProvider.getDatabaseId(VendorDatabaseIdProvider.java:49) ~[mybatis-3.2.2.jar:3.2.2]
	at org.mybatis.spring.SqlSessionFactoryBean.buildSqlSessionFactory(SqlSessionFactoryBean.java:445) [mybatis-spring-1.2.0.jar:1.2.0]
	at org.mybatis.spring.SqlSessionFactoryBean.afterPropertiesSet(SqlSessionFactoryBean.java:336) [mybatis-spring-1.2.0.jar:1.2.0]
	at org.springframework.beans.factory.support.AbstractAutowireCapableBeanFactory.invokeInitMethods(AbstractAutowireCapableBeanFactory.java:1541) [spring-beans-3.2.3.RELEASE.jar:3.2.3.RELEASE]
	at org.springframework.beans.factory.support.AbstractAutowireCapableBeanFactory.initializeBean(AbstractAutowireCapableBeanFactory.java:1479) [spring-beans-3.2.3.RELEASE.jar:3.2.3.RELEASE]
	at org.springframework.beans.factory.support.AbstractAutowireCapableBeanFactory.doCreateBean(AbstractAutowireCapableBeanFactory.java:521) [spring-beans-3.2.3.RELEASE.jar:3.2.3.RELEASE]
	at org.springframework.beans.factory.support.AbstractAutowireCapableBeanFactory.createBean(AbstractAutowireCapableBeanFactory.java:458) [spring-beans-3.2.3.RELEASE.jar:3.2.3.RELEASE]
	at org.springframework.beans.factory.support.AbstractBeanFactory$1.getObject(AbstractBeanFactory.java:295) [spring-beans-3.2.3.RELEASE.jar:3.2.3.RELEASE]
	at org.springframework.beans.factory.support.DefaultSingletonBeanRegistry.getSingleton(DefaultSingletonBeanRegistry.java:223) [spring-beans-3.2.3.RELEASE.jar:3.2.3.RELEASE]
	at org.springframework.beans.factory.support.AbstractBeanFactory.doGetBean(AbstractBeanFactory.java:292) [spring-beans-3.2.3.RELEASE.jar:3.2.3.RELEASE]
	at org.springframework.beans.factory.support.AbstractBeanFactory.getBean(AbstractBeanFactory.java:194) [spring-beans-3.2.3.RELEASE.jar:3.2.3.RELEASE]
	at org.springframework.beans.factory.support.DefaultListableBeanFactory.preInstantiateSingletons(DefaultListableBeanFactory.java:608) [spring-beans-3.2.3.RELEASE.jar:3.2.3.RELEASE]
	at org.springframework.context.support.AbstractApplicationContext.finishBeanFactoryInitialization(AbstractApplicationContext.java:932) [spring-context-3.2.3.RELEASE.jar:3.2.3.RELEASE]
	at org.springframework.context.support.AbstractApplicationContext.refresh(AbstractApplicationContext.java:479) [spring-context-3.2.3.RELEASE.jar:3.2.3.RELEASE]
	at org.springframework.test.context.support.AbstractGenericContextLoader.loadContext(AbstractGenericContextLoader.java:120) [spring-test-3.2.10.RELEASE.jar:3.2.10.RELEASE]
	at org.springframework.test.context.support.AbstractGenericContextLoader.loadContext(AbstractGenericContextLoader.java:60) [spring-test-3.2.10.RELEASE.jar:3.2.10.RELEASE]
	at org.springframework.test.context.support.AbstractDelegatingSmartContextLoader.delegateLoading(AbstractDelegatingSmartContextLoader.java:100) [spring-test-3.2.10.RELEASE.jar:3.2.10.RELEASE]
	at org.springframework.test.context.support.AbstractDelegatingSmartContextLoader.loadContext(AbstractDelegatingSmartContextLoader.java:248) [spring-test-3.2.10.RELEASE.jar:3.2.10.RELEASE]
	at org.springframework.test.context.CacheAwareContextLoaderDelegate.loadContextInternal(CacheAwareContextLoaderDelegate.java:64) [spring-test-3.2.10.RELEASE.jar:3.2.10.RELEASE]
	at org.springframework.test.context.CacheAwareContextLoaderDelegate.loadContext(CacheAwareContextLoaderDelegate.java:91) [spring-test-3.2.10.RELEASE.jar:3.2.10.RELEASE]
	at org.springframework.test.context.TestContext.getApplicationContext(TestContext.java:122) [spring-test-3.2.10.RELEASE.jar:3.2.10.RELEASE]
	at org.springframework.test.context.support.DependencyInjectionTestExecutionListener.injectDependencies(DependencyInjectionTestExecutionListener.java:109) [spring-test-3.2.10.RELEASE.jar:3.2.10.RELEASE]
	at org.springframework.test.context.support.DependencyInjectionTestExecutionListener.prepareTestInstance(DependencyInjectionTestExecutionListener.java:75) [spring-test-3.2.10.RELEASE.jar:3.2.10.RELEASE]
	at org.springframework.test.context.TestContextManager.prepareTestInstance(TestContextManager.java:321) [spring-test-3.2.10.RELEASE.jar:3.2.10.RELEASE]
	at org.springframework.test.context.junit4.SpringJUnit4ClassRunner.createTest(SpringJUnit4ClassRunner.java:211) [spring-test-3.2.10.RELEASE.jar:3.2.10.RELEASE]
	at org.springframework.test.context.junit4.SpringJUnit4ClassRunner$1.runReflectiveCall(SpringJUnit4ClassRunner.java:288) [spring-test-3.2.10.RELEASE.jar:3.2.10.RELEASE]
	at org.junit.internal.runners.model.ReflectiveCallable.run(ReflectiveCallable.java:12) [junit-4.12.jar:4.12]
	at org.springframework.test.context.junit4.SpringJUnit4ClassRunner.methodBlock(SpringJUnit4ClassRunner.java:284) [spring-test-3.2.10.RELEASE.jar:3.2.10.RELEASE]
	at org.springframework.test.context.junit4.SpringJUnit4ClassRunner.runChild(SpringJUnit4ClassRunner.java:231) [spring-test-3.2.10.RELEASE.jar:3.2.10.RELEASE]
	at org.springframework.test.context.junit4.SpringJUnit4ClassRunner.runChild(SpringJUnit4ClassRunner.java:88) [spring-test-3.2.10.RELEASE.jar:3.2.10.RELEASE]
	at org.junit.runners.ParentRunner$3.run(ParentRunner.java:290) [junit-4.12.jar:4.12]
	at org.junit.runners.ParentRunner$1.schedule(ParentRunner.java:71) [junit-4.12.jar:4.12]
	at org.junit.runners.ParentRunner.runChildren(ParentRunner.java:288) [junit-4.12.jar:4.12]
	at org.junit.runners.ParentRunner.access$000(ParentRunner.java:58) [junit-4.12.jar:4.12]
	at org.junit.runners.ParentRunner$2.evaluate(ParentRunner.java:268) [junit-4.12.jar:4.12]
	at org.springframework.test.context.junit4.statements.RunBeforeTestClassCallbacks.evaluate(RunBeforeTestClassCallbacks.java:61) [spring-test-3.2.10.RELEASE.jar:3.2.10.RELEASE]
	at org.springframework.test.context.junit4.statements.RunAfterTestClassCallbacks.evaluate(RunAfterTestClassCallbacks.java:71) [spring-test-3.2.10.RELEASE.jar:3.2.10.RELEASE]
	at org.junit.runners.ParentRunner.run(ParentRunner.java:363) [junit-4.12.jar:4.12]
	at org.springframework.test.context.junit4.SpringJUnit4ClassRunner.run(SpringJUnit4ClassRunner.java:174) [spring-test-3.2.10.RELEASE.jar:3.2.10.RELEASE]
	at org.apache.maven.surefire.junit4.JUnit4Provider.execute(JUnit4Provider.java:252) [surefire-junit4-2.12.4.jar:2.12.4]
	at org.apache.maven.surefire.junit4.JUnit4Provider.executeTestSet(JUnit4Provider.java:141) [surefire-junit4-2.12.4.jar:2.12.4]
	at org.apache.maven.surefire.junit4.JUnit4Provider.invoke(JUnit4Provider.java:112) [surefire-junit4-2.12.4.jar:2.12.4]
	at sun.reflect.NativeMethodAccessorImpl.invoke0(Native Method) ~[na:1.7.0_71]
	at sun.reflect.NativeMethodAccessorImpl.invoke(Unknown Source) ~[na:1.7.0_71]
	at sun.reflect.DelegatingMethodAccessorImpl.invoke(Unknown Source) ~[na:1.7.0_71]
	at java.lang.reflect.Method.invoke(Unknown Source) ~[na:1.7.0_71]
	at org.apache.maven.surefire.util.ReflectionUtils.invokeMethodWithArray(ReflectionUtils.java:189) [surefire-api-2.12.4.jar:2.12.4]
	at org.apache.maven.surefire.booter.ProviderFactory$ProviderProxy.invoke(ProviderFactory.java:165) [surefire-booter-2.12.4.jar:2.12.4]
	at org.apache.maven.surefire.booter.ProviderFactory.invokeProvider(ProviderFactory.java:85) [surefire-booter-2.12.4.jar:2.12.4]
	at org.apache.maven.surefire.booter.ForkedBooter.runSuitesInProcess(ForkedBooter.java:115) [surefire-booter-2.12.4.jar:2.12.4]
	at org.apache.maven.surefire.booter.ForkedBooter.main(ForkedBooter.java:75) [surefire-booter-2.12.4.jar:2.12.4]
Caused by: com.mysql.jdbc.exceptions.jdbc4.CommunicationsException: Communications link failure

The last packet sent successfully to the server was 0 milliseconds ago. The driver has not received any packets from the server.
	at sun.reflect.NativeConstructorAccessorImpl.newInstance0(Native Method) ~[na:1.7.0_71]
	at sun.reflect.NativeConstructorAccessorImpl.newInstance(Unknown Source) ~[na:1.7.0_71]
	at sun.reflect.DelegatingConstructorAccessorImpl.newInstance(Unknown Source) ~[na:1.7.0_71]
	at java.lang.reflect.Constructor.newInstance(Unknown Source) ~[na:1.7.0_71]
	at com.mysql.jdbc.Util.handleNewInstance(Util.java:411) ~[mysql-connector-java-5.1.25.jar:na]
	at com.mysql.jdbc.SQLError.createCommunicationsException(SQLError.java:1121) ~[mysql-connector-java-5.1.25.jar:na]
	at com.mysql.jdbc.MysqlIO.<init>(MysqlIO.java:357) ~[mysql-connector-java-5.1.25.jar:na]
	at com.mysql.jdbc.ConnectionImpl.coreConnect(ConnectionImpl.java:2479) ~[mysql-connector-java-5.1.25.jar:na]
	at com.mysql.jdbc.ConnectionImpl.connectOneTryOnly(ConnectionImpl.java:2516) ~[mysql-connector-java-5.1.25.jar:na]
	at com.mysql.jdbc.ConnectionImpl.createNewIO(ConnectionImpl.java:2301) ~[mysql-connector-java-5.1.25.jar:na]
	at com.mysql.jdbc.ConnectionImpl.<init>(ConnectionImpl.java:834) ~[mysql-connector-java-5.1.25.jar:na]
	at com.mysql.jdbc.JDBC4Connection.<init>(JDBC4Connection.java:47) ~[mysql-connector-java-5.1.25.jar:na]
	at sun.reflect.NativeConstructorAccessorImpl.newInstance0(Native Method) ~[na:1.7.0_71]
	at sun.reflect.NativeConstructorAccessorImpl.newInstance(Unknown Source) ~[na:1.7.0_71]
	at sun.reflect.DelegatingConstructorAccessorImpl.newInstance(Unknown Source) ~[na:1.7.0_71]
	at java.lang.reflect.Constructor.newInstance(Unknown Source) ~[na:1.7.0_71]
	at com.mysql.jdbc.Util.handleNewInstance(Util.java:411) ~[mysql-connector-java-5.1.25.jar:na]
	at com.mysql.jdbc.ConnectionImpl.getInstance(ConnectionImpl.java:416) ~[mysql-connector-java-5.1.25.jar:na]
	at com.mysql.jdbc.NonRegisteringDriver.connect(NonRegisteringDriver.java:346) ~[mysql-connector-java-5.1.25.jar:na]
	at org.apache.commons.dbcp.DriverConnectionFactory.createConnection(DriverConnectionFactory.java:38) ~[commons-dbcp-1.4.jar:1.4]
	at org.apache.commons.dbcp.PoolableConnectionFactory.makeObject(PoolableConnectionFactory.java:582) ~[commons-dbcp-1.4.jar:1.4]
	at org.apache.commons.dbcp.BasicDataSource.validateConnectionFactory(BasicDataSource.java:1556) ~[commons-dbcp-1.4.jar:1.4]
	at org.apache.commons.dbcp.BasicDataSource.createPoolableConnectionFactory(BasicDataSource.java:1545) ~[commons-dbcp-1.4.jar:1.4]
	... 55 common frames omitted
Caused by: java.net.ConnectException: Connection refused: connect
	at java.net.DualStackPlainSocketImpl.connect0(Native Method) ~[na:1.7.0_71]
	at java.net.DualStackPlainSocketImpl.socketConnect(Unknown Source) ~[na:1.7.0_71]
	at java.net.AbstractPlainSocketImpl.doConnect(Unknown Source) ~[na:1.7.0_71]
	at java.net.AbstractPlainSocketImpl.connectToAddress(Unknown Source) ~[na:1.7.0_71]
	at java.net.AbstractPlainSocketImpl.connect(Unknown Source) ~[na:1.7.0_71]
	at java.net.PlainSocketImpl.connect(Unknown Source) ~[na:1.7.0_71]
	at java.net.SocksSocketImpl.connect(Unknown Source) ~[na:1.7.0_71]
	at java.net.Socket.connect(Unknown Source) ~[na:1.7.0_71]
	at java.net.Socket.connect(Unknown Source) ~[na:1.7.0_71]
	at java.net.Socket.<init>(Unknown Source) ~[na:1.7.0_71]
	at java.net.Socket.<init>(Unknown Source) ~[na:1.7.0_71]
	at com.mysql.jdbc.StandardSocketFactory.connect(StandardSocketFactory.java:259) ~[mysql-connector-java-5.1.25.jar:na]
	at com.mysql.jdbc.MysqlIO.<init>(MysqlIO.java:307) ~[mysql-connector-java-5.1.25.jar:na]
	... 71 common frames omitted
2015-01-19 12:02:09.954 [main] INFO  c.yiqiandai.p2p.base.dao.BaseDAOImpl - SQL Mapper ==> T1030.findByCookieId [BaseDAOImpl.java:52] 
